<?xml version="1.0" encoding="UTF-8" ?>
<testsuite failures="0" time="0.002" errors="0" skipped="0" tests="8" name="com.jd.mvc.javassist.proxy.test.BoxedProxyFactoryCalledByHandlerTestCase">
  <properties>
[...]
</properties>
  <testcase time="0" classname="com.jd.mvc.javassist.proxy.test.BoxedProxyFactoryCalledByHandlerTestCase" name="testLongMethod"/>
  <testcase time="0" classname="com.jd.mvc.javassist.proxy.test.BoxedProxyFactoryCalledByHandlerTestCase" name="testBooleanMethod"/>
  <testcase time="0" classname="com.jd.mvc.javassist.proxy.test.BoxedProxyFactoryCalledByHandlerTestCase" name="testByteMethod"/>
  <testcase time="0" classname="com.jd.mvc.javassist.proxy.test.BoxedProxyFactoryCalledByHandlerTestCase" name="testCharMethod"/>
  <testcase time="0" classname="com.jd.mvc.javassist.proxy.test.BoxedProxyFactoryCalledByHandlerTestCase" name="testShortMethod"/>
  <testcase time="0" classname="com.jd.mvc.javassist.proxy.test.BoxedProxyFactoryCalledByHandlerTestCase" name="testIntMethod"/>
  <testcase time="0" classname="com.jd.mvc.javassist.proxy.test.BoxedProxyFactoryCalledByHandlerTestCase" name="testFloatMethod"/>
  <testcase time="0" classname="com.jd.mvc.javassist.proxy.test.BoxedProxyFactoryCalledByHandlerTestCase" name="testDoubleMethod"/>
</testsuite>